<?xml version="1.0" encoding="UTF-8"?>
<!-- Generated by org.testng.reporters.JUnitReportReporter -->
<testsuite hostname="DESKTOP-0JH98VT" name="com.uptake.test.NavigationTest" tests="1" failures="0" timestamp="22 Dec 2017 17:51:54 GMT" time="11.031" errors="0">
  <testcase name="Navigatite" time="11.031" classname="com.uptake.test.NavigationTest"/>
</testsuite> <!-- com.uptake.test.NavigationTest -->
